Using pre-set license
Built from '2020.3/staging' branch; Version is '2020.3.0f1 (c7b5465681fb) revision 13088070'; Using compiler version '192528614'; Build Type 'Release'
OS: 'Windows 7  (6.1.0) 64bit' Language: 'ru' Physical Memory: 8082 MB
BatchMode: 1, IsHumanControllingUs: 0, StartBugReporterOnCrash: 0, Is64bit: 1, IsPro: 0

 COMMAND LINE ARGUMENTS:
C:\Program Files\Unity\Hub\Editor\2020.3.0f1\Editor\Unity.exe
-adb2
-batchMode
-noUpm
-name
AssetImportWorker0
-projectPath
E:/Unity/Experiments/Awaker
-logFile
Logs/AssetImportWorker0.log
-srvPort
32748
Successfully changed project path to: E:/Unity/Experiments/Awaker
E:/Unity/Experiments/Awaker
Using Asset Import Pipeline V2.
Refreshing native plugins compatible for Editor in 30.83 ms, found 0 plugins.
Preloading 0 native plugins for Editor in 0.00 ms.
Initialize engine version: 2020.3.0f1 (c7b5465681fb)
[Subsystems] Discovering subsystems at path C:/Program Files/Unity/Hub/Editor/2020.3.0f1/Editor/Data/Resources/UnitySubsystems
[Subsystems] Discovering subsystems at path E:/Unity/Experiments/Awaker/Assets
GfxDevice: creating device client; threaded=0
d3d11: CreateDXGIFactory2(...) not found, fallbacking to CreateDXGIFactory1(...).
d3d11: QueryInterface(IDXGIFactory5) failed (80004002).
Direct3D:
    Version:  Direct3D 11.0 [level 11.0]
    Renderer: NVIDIA GeForce GT 645M (ID=0xfd9)
    Vendor:   
    VRAM:     961 MB
    Driver:   25.21.14.2531
Initialize mono
Mono path[0] = 'C:/Program Files/Unity/Hub/Editor/2020.3.0f1/Editor/Data/Managed'
Mono path[1] = 'C:/Program Files/Unity/Hub/Editor/2020.3.0f1/Editor/Data/MonoBleedingEdge/lib/mono/unityjit'
Mono config path = 'C:/Program Files/Unity/Hub/Editor/2020.3.0f1/Editor/Data/MonoBleedingEdge/etc'
Using monoOptions --debugger-agent=transport=dt_socket,embedding=1,server=y,suspend=n,address=127.0.0.1:56036
Begin MonoManager ReloadAssembly
Registering precompiled unity dll's ...
Register platform support module: C:/Program Files/Unity/Hub/Editor/2020.3.0f1/Editor/Data/PlaybackEngines/WindowsStandaloneSupport/UnityEditor.WindowsStandalone.Extensions.dll
Registered in 0.001626 seconds.
Native extension for WindowsStandalone target not found
Refreshing native plugins compatible for Editor in 31.74 ms, found 0 plugins.
Preloading 0 native plugins for Editor in 0.00 ms.
Invoked RoslynAnalysisRunner static constructor.
RoslynAnalysisRunner will not be running.
RoslynAnalysisRunner has terminated.
Mono: successfully reloaded assembly
- Completed reload, in  1.404 seconds
Platform modules already initialized, skipping
Registering precompiled user dll's ...
Registered in 0.000668 seconds.
Begin MonoManager ReloadAssembly
Native extension for WindowsStandalone target not found
Refreshing native plugins compatible for Editor in 0.26 ms, found 0 plugins.
Preloading 0 native plugins for Editor in 0.00 ms.
Invoked RoslynAnalysisRunner static constructor.
RoslynAnalysisRunner will not be running.
RoslynAnalysisRunner has terminated.
Mono: successfully reloaded assembly
- Completed reload, in  1.131 seconds
Platform modules already initialized, skipping
========================================================================
Worker process is ready to serve import requests
Launched and connected shader compiler UnityShaderCompiler.exe after 0.03 seconds
Refreshing native plugins compatible for Editor in 0.25 ms, found 0 plugins.
Preloading 0 native plugins for Editor in 0.00 ms.
Unloading 1125 Unused Serialized files (Serialized files now loaded: 0)
System memory in use before: 57.2 MB.
System memory in use after: 57.2 MB.

Unloading 10 unused Assets to reduce memory usage. Loaded Objects now: 1567.
Total: 2.009865 ms (FindLiveObjects: 0.134276 ms CreateObjectMapping: 0.052599 ms MarkObjects: 1.743451 ms  DeleteObjects: 0.077829 ms)

========================================================================
Received Import Request.
  path: Assets/Awaker/Awaker.cs
  artifactKey: Guid(65fd872fab067fb4da06ca02c31a5fb6) Importer(815301076,1909f56bfc062723c751e8b465ee728b)
Start importing Assets/Awaker/Awaker.cs using Guid(65fd872fab067fb4da06ca02c31a5fb6) Importer(815301076,1909f56bfc062723c751e8b465ee728b)  -> (artifact id: '69349039edabe73e092bca0ca8422d9e') in 0.062254 seconds
  Import took 0.064665 seconds .

========================================================================
Received Import Request.
  Time since last request: 2.361271 seconds.
  path: Assets/LineRender/IsolatedPlotter.cs
  artifactKey: Guid(d8c66a62b01c18f4da7740a856ebf16f) Importer(815301076,1909f56bfc062723c751e8b465ee728b)
Start importing Assets/LineRender/IsolatedPlotter.cs using Guid(d8c66a62b01c18f4da7740a856ebf16f) Importer(815301076,1909f56bfc062723c751e8b465ee728b)  -> (artifact id: '05481d91c607c61b8c4f8711f30ce311') in 0.020149 seconds
  Import took 0.022816 seconds .

========================================================================
Received Import Request.
  Time since last request: 35.975200 seconds.
  path: Assets/RndGeneration
  artifactKey: Guid(0b71406e62e33474799d11ee95f7c6e5) Importer(815301076,1909f56bfc062723c751e8b465ee728b)
Start importing Assets/RndGeneration using Guid(0b71406e62e33474799d11ee95f7c6e5) Importer(815301076,1909f56bfc062723c751e8b465ee728b)  -> (artifact id: '947c5384a83945e0ee301e1542b6cb91') in 0.001984 seconds
  Import took 0.004503 seconds .

========================================================================
Received Import Request.
  Time since last request: 19.235421 seconds.
  path: Assets/RndGeneration/RndGeneration.unity
  artifactKey: Guid(2b7a245bc1224764fa0ccdaafb51e523) Importer(815301076,1909f56bfc062723c751e8b465ee728b)
Start importing Assets/RndGeneration/RndGeneration.unity using Guid(2b7a245bc1224764fa0ccdaafb51e523) Importer(815301076,1909f56bfc062723c751e8b465ee728b)  -> (artifact id: '32aeeef6c15a4a6bd978771bfbc9b4a2') in 0.017986 seconds
  Import took 0.020859 seconds .

========================================================================
Received Import Request.
  Time since last request: 54.246230 seconds.
  path: Assets/RndGeneration/Target.prefab
  artifactKey: Guid(41d5c4d1d59309642a74b753e77b56f5) Importer(815301076,1909f56bfc062723c751e8b465ee728b)
Start importing Assets/RndGeneration/Target.prefab using Guid(41d5c4d1d59309642a74b753e77b56f5) Importer(815301076,1909f56bfc062723c751e8b465ee728b)  -> (artifact id: '827111a80f9db57308a503b5ebd32567') in 0.107015 seconds
  Import took 0.109861 seconds .

========================================================================
Received Import Request.
  Time since last request: 26.811851 seconds.
  path: Assets/RndGeneration/Generator.cs
  artifactKey: Guid(f42ccbdbf9892f947b812b82777cf8c7) Importer(815301076,1909f56bfc062723c751e8b465ee728b)
Start importing Assets/RndGeneration/Generator.cs using Guid(f42ccbdbf9892f947b812b82777cf8c7) Importer(815301076,1909f56bfc062723c751e8b465ee728b)  -> (artifact id: '2704f0246b0209c355d06c7ed1019f54') in 0.002733 seconds
  Import took 0.005427 seconds .

========================================================================
Received Import Request.
  Time since last request: 0.003781 seconds.
  path: Assets/RndGeneration/Generator.cs
  artifactKey: Guid(f42ccbdbf9892f947b812b82777cf8c7) Importer(815301076,1909f56bfc062723c751e8b465ee728b)
Start importing Assets/RndGeneration/Generator.cs using Guid(f42ccbdbf9892f947b812b82777cf8c7) Importer(815301076,1909f56bfc062723c751e8b465ee728b)  -> (artifact id: '2704f0246b0209c355d06c7ed1019f54') in 0.002008 seconds
  Import took 0.004534 seconds .

========================================================================
Received Prepare
Registering precompiled user dll's ...
Registered in 0.001044 seconds.
Begin MonoManager ReloadAssembly
Native extension for WindowsStandalone target not found
Refreshing native plugins compatible for Editor in 0.27 ms, found 0 plugins.
Preloading 0 native plugins for Editor in 0.00 ms.
Invoked RoslynAnalysisRunner static constructor.
RoslynAnalysisRunner will not be running.
RoslynAnalysisRunner has terminated.
Mono: successfully reloaded assembly
- Completed reload, in  1.587 seconds
Platform modules already initialized, skipping
Refreshing native plugins compatible for Editor in 0.27 ms, found 0 plugins.
Preloading 0 native plugins for Editor in 0.00 ms.
Unloading 1121 Unused Serialized files (Serialized files now loaded: 0)
System memory in use before: 60.3 MB.
System memory in use after: 60.4 MB.

Unloading 6 unused Assets to reduce memory usage. Loaded Objects now: 1579.
Total: 1.852496 ms (FindLiveObjects: 0.148388 ms CreateObjectMapping: 0.051743 ms MarkObjects: 1.583517 ms  DeleteObjects: 0.066710 ms)

========================================================================
Received Prepare
Registering precompiled user dll's ...
Registered in 0.000634 seconds.
Begin MonoManager ReloadAssembly
Native extension for WindowsStandalone target not found
Refreshing native plugins compatible for Editor in 0.26 ms, found 0 plugins.
Preloading 0 native plugins for Editor in 0.00 ms.
Invoked RoslynAnalysisRunner static constructor.
RoslynAnalysisRunner will not be running.
RoslynAnalysisRunner has terminated.
Mono: successfully reloaded assembly
- Completed reload, in  1.009 seconds
Platform modules already initialized, skipping
Refreshing native plugins compatible for Editor in 0.25 ms, found 0 plugins.
Preloading 0 native plugins for Editor in 0.00 ms.
Unloading 1121 Unused Serialized files (Serialized files now loaded: 0)
System memory in use before: 60.4 MB.
System memory in use after: 60.4 MB.

Unloading 5 unused Assets to reduce memory usage. Loaded Objects now: 1582.
Total: 1.855918 ms (FindLiveObjects: 0.145394 ms CreateObjectMapping: 0.049178 ms MarkObjects: 1.605754 ms  DeleteObjects: 0.053881 ms)

========================================================================
Received Import Request.
  Time since last request: 64.714613 seconds.
  path: Assets/RndGeneration/Generator.cs
  artifactKey: Guid(f42ccbdbf9892f947b812b82777cf8c7) Importer(815301076,1909f56bfc062723c751e8b465ee728b)
Start importing Assets/RndGeneration/Generator.cs using Guid(f42ccbdbf9892f947b812b82777cf8c7) Importer(815301076,1909f56bfc062723c751e8b465ee728b)  -> (artifact id: 'd3a4f7a16aa883899b7479428c423690') in 0.005070 seconds
  Import took 0.007782 seconds .

========================================================================
Received Prepare
Registering precompiled user dll's ...
Registered in 0.000625 seconds.
Begin MonoManager ReloadAssembly
Native extension for WindowsStandalone target not found
Refreshing native plugins compatible for Editor in 0.27 ms, found 0 plugins.
Preloading 0 native plugins for Editor in 0.00 ms.
Invoked RoslynAnalysisRunner static constructor.
RoslynAnalysisRunner will not be running.
RoslynAnalysisRunner has terminated.
Mono: successfully reloaded assembly
- Completed reload, in  1.036 seconds
Platform modules already initialized, skipping
Refreshing native plugins compatible for Editor in 0.26 ms, found 0 plugins.
Preloading 0 native plugins for Editor in 0.00 ms.
Unloading 1121 Unused Serialized files (Serialized files now loaded: 0)
System memory in use before: 60.4 MB.
System memory in use after: 60.5 MB.

Unloading 5 unused Assets to reduce memory usage. Loaded Objects now: 1585.
Total: 2.332298 ms (FindLiveObjects: 0.186447 ms CreateObjectMapping: 0.100066 ms MarkObjects: 1.983779 ms  DeleteObjects: 0.059868 ms)

========================================================================
Received Prepare
Registering precompiled user dll's ...
Registered in 0.000651 seconds.
Begin MonoManager ReloadAssembly
Native extension for WindowsStandalone target not found
Refreshing native plugins compatible for Editor in 0.25 ms, found 0 plugins.
Preloading 0 native plugins for Editor in 0.00 ms.
Invoked RoslynAnalysisRunner static constructor.
RoslynAnalysisRunner will not be running.
RoslynAnalysisRunner has terminated.
Mono: successfully reloaded assembly
- Completed reload, in  1.034 seconds
Platform modules already initialized, skipping
Refreshing native plugins compatible for Editor in 0.25 ms, found 0 plugins.
Preloading 0 native plugins for Editor in 0.00 ms.
Unloading 1121 Unused Serialized files (Serialized files now loaded: 0)
System memory in use before: 60.4 MB.
System memory in use after: 60.5 MB.

Unloading 5 unused Assets to reduce memory usage. Loaded Objects now: 1588.
Total: 2.144141 ms (FindLiveObjects: 0.173190 ms CreateObjectMapping: 0.090658 ms MarkObjects: 1.822135 ms  DeleteObjects: 0.056447 ms)

========================================================================
Received Prepare
Registering precompiled user dll's ...
Registered in 0.000659 seconds.
Begin MonoManager ReloadAssembly
Native extension for WindowsStandalone target not found
Refreshing native plugins compatible for Editor in 0.26 ms, found 0 plugins.
Preloading 0 native plugins for Editor in 0.00 ms.
Invoked RoslynAnalysisRunner static constructor.
RoslynAnalysisRunner will not be running.
RoslynAnalysisRunner has terminated.
Mono: successfully reloaded assembly
- Completed reload, in  1.131 seconds
Platform modules already initialized, skipping
Refreshing native plugins compatible for Editor in 0.28 ms, found 0 plugins.
Preloading 0 native plugins for Editor in 0.00 ms.
Unloading 1121 Unused Serialized files (Serialized files now loaded: 0)
System memory in use before: 60.4 MB.
System memory in use after: 60.5 MB.

Unloading 5 unused Assets to reduce memory usage. Loaded Objects now: 1591.
Total: 2.167233 ms (FindLiveObjects: 0.156513 ms CreateObjectMapping: 0.054309 ms MarkObjects: 1.879437 ms  DeleteObjects: 0.074835 ms)

========================================================================
Received Prepare
Registering precompiled user dll's ...
Registered in 0.000671 seconds.
Begin MonoManager ReloadAssembly
Native extension for WindowsStandalone target not found
Refreshing native plugins compatible for Editor in 0.26 ms, found 0 plugins.
Preloading 0 native plugins for Editor in 0.00 ms.
Invoked RoslynAnalysisRunner static constructor.
RoslynAnalysisRunner will not be running.
RoslynAnalysisRunner has terminated.
Mono: successfully reloaded assembly
- Completed reload, in  1.011 seconds
Platform modules already initialized, skipping
Refreshing native plugins compatible for Editor in 0.26 ms, found 0 plugins.
Preloading 0 native plugins for Editor in 0.00 ms.
Unloading 1121 Unused Serialized files (Serialized files now loaded: 0)
System memory in use before: 60.4 MB.
System memory in use after: 60.5 MB.

Unloading 5 unused Assets to reduce memory usage. Loaded Objects now: 1594.
Total: 2.044503 ms (FindLiveObjects: 0.165921 ms CreateObjectMapping: 0.054309 ms MarkObjects: 1.761839 ms  DeleteObjects: 0.060724 ms)

========================================================================
Received Prepare
Registering precompiled user dll's ...
Registered in 0.000651 seconds.
Begin MonoManager ReloadAssembly
Native extension for WindowsStandalone target not found
Refreshing native plugins compatible for Editor in 0.26 ms, found 0 plugins.
Preloading 0 native plugins for Editor in 0.00 ms.
Invoked RoslynAnalysisRunner static constructor.
RoslynAnalysisRunner will not be running.
RoslynAnalysisRunner has terminated.
Mono: successfully reloaded assembly
- Completed reload, in  1.040 seconds
Platform modules already initialized, skipping
Refreshing native plugins compatible for Editor in 0.26 ms, found 0 plugins.
Preloading 0 native plugins for Editor in 0.00 ms.
Unloading 1121 Unused Serialized files (Serialized files now loaded: 0)
System memory in use before: 60.4 MB.
System memory in use after: 60.5 MB.

Unloading 5 unused Assets to reduce memory usage. Loaded Objects now: 1597.
Total: 2.059897 ms (FindLiveObjects: 0.170625 ms CreateObjectMapping: 0.050033 ms MarkObjects: 1.778089 ms  DeleteObjects: 0.059013 ms)

========================================================================
Received Prepare
Registering precompiled user dll's ...
Registered in 0.000697 seconds.
Begin MonoManager ReloadAssembly
Native extension for WindowsStandalone target not found
Refreshing native plugins compatible for Editor in 0.27 ms, found 0 plugins.
Preloading 0 native plugins for Editor in 0.00 ms.
Invoked RoslynAnalysisRunner static constructor.
RoslynAnalysisRunner will not be running.
RoslynAnalysisRunner has terminated.
Mono: successfully reloaded assembly
- Completed reload, in  1.176 seconds
Platform modules already initialized, skipping
Refreshing native plugins compatible for Editor in 0.30 ms, found 0 plugins.
Preloading 0 native plugins for Editor in 0.00 ms.
Unloading 1121 Unused Serialized files (Serialized files now loaded: 0)
System memory in use before: 60.4 MB.
System memory in use after: 60.5 MB.

Unloading 5 unused Assets to reduce memory usage. Loaded Objects now: 1600.
Total: 2.097101 ms (FindLiveObjects: 0.194572 ms CreateObjectMapping: 0.052171 ms MarkObjects: 1.790062 ms  DeleteObjects: 0.058158 ms)

========================================================================
Received Prepare
Registering precompiled user dll's ...
Registered in 0.000636 seconds.
Begin MonoManager ReloadAssembly
Native extension for WindowsStandalone target not found
Refreshing native plugins compatible for Editor in 0.28 ms, found 0 plugins.
Preloading 0 native plugins for Editor in 0.00 ms.
Invoked RoslynAnalysisRunner static constructor.
RoslynAnalysisRunner will not be running.
RoslynAnalysisRunner has terminated.
Mono: successfully reloaded assembly
- Completed reload, in  1.043 seconds
Platform modules already initialized, skipping
Refreshing native plugins compatible for Editor in 0.28 ms, found 0 plugins.
Preloading 0 native plugins for Editor in 0.00 ms.
Unloading 1121 Unused Serialized files (Serialized files now loaded: 0)
System memory in use before: 60.4 MB.
System memory in use after: 60.5 MB.

Unloading 5 unused Assets to reduce memory usage. Loaded Objects now: 1603.
Total: 2.045358 ms (FindLiveObjects: 0.159506 ms CreateObjectMapping: 0.053026 ms MarkObjects: 1.768253 ms  DeleteObjects: 0.062862 ms)

========================================================================
Received Prepare
Registering precompiled user dll's ...
Registered in 0.000807 seconds.
Begin MonoManager ReloadAssembly
Native extension for WindowsStandalone target not found
Refreshing native plugins compatible for Editor in 0.26 ms, found 0 plugins.
Preloading 0 native plugins for Editor in 0.00 ms.
Invoked RoslynAnalysisRunner static constructor.
RoslynAnalysisRunner will not be running.
RoslynAnalysisRunner has terminated.
Mono: successfully reloaded assembly
- Completed reload, in  1.058 seconds
Platform modules already initialized, skipping
Refreshing native plugins compatible for Editor in 0.26 ms, found 0 plugins.
Preloading 0 native plugins for Editor in 0.00 ms.
Unloading 1121 Unused Serialized files (Serialized files now loaded: 0)
System memory in use before: 60.4 MB.
System memory in use after: 60.5 MB.

Unloading 5 unused Assets to reduce memory usage. Loaded Objects now: 1606.
Total: 2.130456 ms (FindLiveObjects: 0.156940 ms CreateObjectMapping: 0.057730 ms MarkObjects: 1.842661 ms  DeleteObjects: 0.070559 ms)

========================================================================
Received Prepare
Registering precompiled user dll's ...
Registered in 0.000669 seconds.
Begin MonoManager ReloadAssembly
Native extension for WindowsStandalone target not found
Refreshing native plugins compatible for Editor in 0.26 ms, found 0 plugins.
Preloading 0 native plugins for Editor in 0.00 ms.
Invoked RoslynAnalysisRunner static constructor.
RoslynAnalysisRunner will not be running.
RoslynAnalysisRunner has terminated.
Mono: successfully reloaded assembly
- Completed reload, in  1.051 seconds
Platform modules already initialized, skipping
Refreshing native plugins compatible for Editor in 0.27 ms, found 0 plugins.
Preloading 0 native plugins for Editor in 0.00 ms.
Unloading 1121 Unused Serialized files (Serialized files now loaded: 0)
System memory in use before: 60.4 MB.
System memory in use after: 60.5 MB.

Unloading 5 unused Assets to reduce memory usage. Loaded Objects now: 1609.
Total: 2.170654 ms (FindLiveObjects: 0.256151 ms CreateObjectMapping: 0.063717 ms MarkObjects: 1.781937 ms  DeleteObjects: 0.066283 ms)

========================================================================
Received Prepare
Registering precompiled user dll's ...
Registered in 0.000634 seconds.
Begin MonoManager ReloadAssembly
Native extension for WindowsStandalone target not found
Refreshing native plugins compatible for Editor in 0.27 ms, found 0 plugins.
Preloading 0 native plugins for Editor in 0.00 ms.
Invoked RoslynAnalysisRunner static constructor.
RoslynAnalysisRunner will not be running.
RoslynAnalysisRunner has terminated.
Mono: successfully reloaded assembly
- Completed reload, in  1.036 seconds
Platform modules already initialized, skipping
Refreshing native plugins compatible for Editor in 0.25 ms, found 0 plugins.
Preloading 0 native plugins for Editor in 0.00 ms.
Unloading 1121 Unused Serialized files (Serialized files now loaded: 0)
System memory in use before: 60.4 MB.
System memory in use after: 60.5 MB.

Unloading 5 unused Assets to reduce memory usage. Loaded Objects now: 1612.
Total: 2.500357 ms (FindLiveObjects: 0.253585 ms CreateObjectMapping: 0.069276 ms MarkObjects: 2.114634 ms  DeleteObjects: 0.061151 ms)

========================================================================
Received Prepare
Registering precompiled user dll's ...
Registered in 0.000650 seconds.
Begin MonoManager ReloadAssembly
Native extension for WindowsStandalone target not found
Refreshing native plugins compatible for Editor in 0.27 ms, found 0 plugins.
Preloading 0 native plugins for Editor in 0.00 ms.
Invoked RoslynAnalysisRunner static constructor.
RoslynAnalysisRunner will not be running.
RoslynAnalysisRunner has terminated.
Mono: successfully reloaded assembly
- Completed reload, in  1.045 seconds
Platform modules already initialized, skipping
Refreshing native plugins compatible for Editor in 0.27 ms, found 0 plugins.
Preloading 0 native plugins for Editor in 0.00 ms.
Unloading 1121 Unused Serialized files (Serialized files now loaded: 0)
System memory in use before: 60.4 MB.
System memory in use after: 60.5 MB.

Unloading 5 unused Assets to reduce memory usage. Loaded Objects now: 1615.
Total: 2.078713 ms (FindLiveObjects: 0.287368 ms CreateObjectMapping: 0.064572 ms MarkObjects: 1.667332 ms  DeleteObjects: 0.057730 ms)

========================================================================
Received Prepare
Registering precompiled user dll's ...
Registered in 0.000681 seconds.
Begin MonoManager ReloadAssembly
Native extension for WindowsStandalone target not found
Refreshing native plugins compatible for Editor in 0.26 ms, found 0 plugins.
Preloading 0 native plugins for Editor in 0.00 ms.
Invoked RoslynAnalysisRunner static constructor.
RoslynAnalysisRunner will not be running.
RoslynAnalysisRunner has terminated.
Mono: successfully reloaded assembly
- Completed reload, in  1.024 seconds
Platform modules already initialized, skipping
Refreshing native plugins compatible for Editor in 0.26 ms, found 0 plugins.
Preloading 0 native plugins for Editor in 0.00 ms.
Unloading 1121 Unused Serialized files (Serialized files now loaded: 0)
System memory in use before: 60.4 MB.
System memory in use after: 60.5 MB.

Unloading 5 unused Assets to reduce memory usage. Loaded Objects now: 1618.
Total: 2.292101 ms (FindLiveObjects: 0.159079 ms CreateObjectMapping: 0.052171 ms MarkObjects: 2.017990 ms  DeleteObjects: 0.061151 ms)

========================================================================
Received Prepare
Registering precompiled user dll's ...
Registered in 0.000639 seconds.
Begin MonoManager ReloadAssembly
Native extension for WindowsStandalone target not found
Refreshing native plugins compatible for Editor in 0.26 ms, found 0 plugins.
Preloading 0 native plugins for Editor in 0.00 ms.
Invoked RoslynAnalysisRunner static constructor.
RoslynAnalysisRunner will not be running.
RoslynAnalysisRunner has terminated.
Mono: successfully reloaded assembly
- Completed reload, in  1.060 seconds
Platform modules already initialized, skipping
Refreshing native plugins compatible for Editor in 0.26 ms, found 0 plugins.
Preloading 0 native plugins for Editor in 0.00 ms.
Unloading 1121 Unused Serialized files (Serialized files now loaded: 0)
System memory in use before: 60.4 MB.
System memory in use after: 60.5 MB.

Unloading 5 unused Assets to reduce memory usage. Loaded Objects now: 1621.
Total: 1.967102 ms (FindLiveObjects: 0.150954 ms CreateObjectMapping: 0.050033 ms MarkObjects: 1.707102 ms  DeleteObjects: 0.057303 ms)

========================================================================
Received Prepare
Registering precompiled user dll's ...
Registered in 0.000650 seconds.
Begin MonoManager ReloadAssembly
Native extension for WindowsStandalone target not found
Refreshing native plugins compatible for Editor in 0.27 ms, found 0 plugins.
Preloading 0 native plugins for Editor in 0.00 ms.
Invoked RoslynAnalysisRunner static constructor.
RoslynAnalysisRunner will not be running.
RoslynAnalysisRunner has terminated.
Mono: successfully reloaded assembly
- Completed reload, in  1.042 seconds
Platform modules already initialized, skipping
Refreshing native plugins compatible for Editor in 0.29 ms, found 0 plugins.
Preloading 0 native plugins for Editor in 0.00 ms.
Unloading 1121 Unused Serialized files (Serialized files now loaded: 0)
System memory in use before: 60.5 MB.
System memory in use after: 60.5 MB.

Unloading 5 unused Assets to reduce memory usage. Loaded Objects now: 1624.
Total: 2.128746 ms (FindLiveObjects: 0.245888 ms CreateObjectMapping: 0.063289 ms MarkObjects: 1.754997 ms  DeleteObjects: 0.062862 ms)

========================================================================
Received Prepare
Registering precompiled user dll's ...
Registered in 0.000652 seconds.
Begin MonoManager ReloadAssembly
Native extension for WindowsStandalone target not found
Refreshing native plugins compatible for Editor in 0.26 ms, found 0 plugins.
Preloading 0 native plugins for Editor in 0.00 ms.
Invoked RoslynAnalysisRunner static constructor.
RoslynAnalysisRunner will not be running.
RoslynAnalysisRunner has terminated.
Mono: successfully reloaded assembly
- Completed reload, in  1.032 seconds
Platform modules already initialized, skipping
Refreshing native plugins compatible for Editor in 0.26 ms, found 0 plugins.
Preloading 0 native plugins for Editor in 0.00 ms.
Unloading 1121 Unused Serialized files (Serialized files now loaded: 0)
System memory in use before: 60.5 MB.
System memory in use after: 60.5 MB.

Unloading 5 unused Assets to reduce memory usage. Loaded Objects now: 1627.
Total: 2.088549 ms (FindLiveObjects: 0.142829 ms CreateObjectMapping: 0.050888 ms MarkObjects: 1.833253 ms  DeleteObjects: 0.060296 ms)

========================================================================
Received Prepare
Registering precompiled user dll's ...
Registered in 0.000647 seconds.
Begin MonoManager ReloadAssembly
Native extension for WindowsStandalone target not found
Refreshing native plugins compatible for Editor in 0.26 ms, found 0 plugins.
Preloading 0 native plugins for Editor in 0.00 ms.
Invoked RoslynAnalysisRunner static constructor.
RoslynAnalysisRunner will not be running.
RoslynAnalysisRunner has terminated.
Mono: successfully reloaded assembly
- Completed reload, in  1.034 seconds
Platform modules already initialized, skipping
Refreshing native plugins compatible for Editor in 0.26 ms, found 0 plugins.
Preloading 0 native plugins for Editor in 0.00 ms.
Unloading 1121 Unused Serialized files (Serialized files now loaded: 0)
System memory in use before: 60.5 MB.
System memory in use after: 60.5 MB.

Unloading 5 unused Assets to reduce memory usage. Loaded Objects now: 1630.
Total: 2.018417 ms (FindLiveObjects: 0.153947 ms CreateObjectMapping: 0.051316 ms MarkObjects: 1.748155 ms  DeleteObjects: 0.063717 ms)

========================================================================
Received Prepare
Registering precompiled user dll's ...
Registered in 0.000642 seconds.
Begin MonoManager ReloadAssembly
Native extension for WindowsStandalone target not found
Refreshing native plugins compatible for Editor in 0.27 ms, found 0 plugins.
Preloading 0 native plugins for Editor in 0.00 ms.
Invoked RoslynAnalysisRunner static constructor.
RoslynAnalysisRunner will not be running.
RoslynAnalysisRunner has terminated.
Mono: successfully reloaded assembly
- Completed reload, in  1.051 seconds
Platform modules already initialized, skipping
Refreshing native plugins compatible for Editor in 0.27 ms, found 0 plugins.
Preloading 0 native plugins for Editor in 0.00 ms.
Unloading 1121 Unused Serialized files (Serialized files now loaded: 0)
System memory in use before: 60.5 MB.
System memory in use after: 60.5 MB.

Unloading 5 unused Assets to reduce memory usage. Loaded Objects now: 1633.
Total: 1.953417 ms (FindLiveObjects: 0.150526 ms CreateObjectMapping: 0.052171 ms MarkObjects: 1.689569 ms  DeleteObjects: 0.059441 ms)

========================================================================
Received Prepare
Registering precompiled user dll's ...
Registered in 0.000629 seconds.
Begin MonoManager ReloadAssembly
Native extension for WindowsStandalone target not found
Refreshing native plugins compatible for Editor in 0.27 ms, found 0 plugins.
Preloading 0 native plugins for Editor in 0.00 ms.
Invoked RoslynAnalysisRunner static constructor.
RoslynAnalysisRunner will not be running.
RoslynAnalysisRunner has terminated.
Mono: successfully reloaded assembly
- Completed reload, in  1.035 seconds
Platform modules already initialized, skipping
Refreshing native plugins compatible for Editor in 0.29 ms, found 0 plugins.
Preloading 0 native plugins for Editor in 0.00 ms.
Unloading 1121 Unused Serialized files (Serialized files now loaded: 0)
System memory in use before: 60.5 MB.
System memory in use after: 60.6 MB.

Unloading 5 unused Assets to reduce memory usage. Loaded Objects now: 1636.
Total: 1.912792 ms (FindLiveObjects: 0.156940 ms CreateObjectMapping: 0.050460 ms MarkObjects: 1.643813 ms  DeleteObjects: 0.060296 ms)

========================================================================
Received Prepare
Registering precompiled user dll's ...
Registered in 0.000642 seconds.
Begin MonoManager ReloadAssembly
Native extension for WindowsStandalone target not found
Refreshing native plugins compatible for Editor in 0.26 ms, found 0 plugins.
Preloading 0 native plugins for Editor in 0.00 ms.
Invoked RoslynAnalysisRunner static constructor.
RoslynAnalysisRunner will not be running.
RoslynAnalysisRunner has terminated.
Mono: successfully reloaded assembly
- Completed reload, in  1.047 seconds
Platform modules already initialized, skipping
Refreshing native plugins compatible for Editor in 0.25 ms, found 0 plugins.
Preloading 0 native plugins for Editor in 0.00 ms.
Unloading 1121 Unused Serialized files (Serialized files now loaded: 0)
System memory in use before: 60.5 MB.
System memory in use after: 60.6 MB.

Unloading 5 unused Assets to reduce memory usage. Loaded Objects now: 1639.
Total: 2.014141 ms (FindLiveObjects: 0.146250 ms CreateObjectMapping: 0.050888 ms MarkObjects: 1.752431 ms  DeleteObjects: 0.062862 ms)

========================================================================
Received Prepare
Registering precompiled user dll's ...
Registered in 0.000648 seconds.
Begin MonoManager ReloadAssembly
Native extension for WindowsStandalone target not found
Refreshing native plugins compatible for Editor in 0.29 ms, found 0 plugins.
Preloading 0 native plugins for Editor in 0.00 ms.
Invoked RoslynAnalysisRunner static constructor.
RoslynAnalysisRunner will not be running.
RoslynAnalysisRunner has terminated.
Mono: successfully reloaded assembly
- Completed reload, in  1.023 seconds
Platform modules already initialized, skipping
Refreshing native plugins compatible for Editor in 0.39 ms, found 0 plugins.
Preloading 0 native plugins for Editor in 0.00 ms.
Unloading 1121 Unused Serialized files (Serialized files now loaded: 0)
System memory in use before: 60.5 MB.
System memory in use after: 60.6 MB.

Unloading 5 unused Assets to reduce memory usage. Loaded Objects now: 1642.
Total: 2.852725 ms (FindLiveObjects: 0.268124 ms CreateObjectMapping: 0.067993 ms MarkObjects: 2.450752 ms  DeleteObjects: 0.063717 ms)

========================================================================
Received Prepare
Registering precompiled user dll's ...
Registered in 0.000620 seconds.
Begin MonoManager ReloadAssembly
Native extension for WindowsStandalone target not found
Refreshing native plugins compatible for Editor in 0.26 ms, found 0 plugins.
Preloading 0 native plugins for Editor in 0.00 ms.
Invoked RoslynAnalysisRunner static constructor.
RoslynAnalysisRunner will not be running.
RoslynAnalysisRunner has terminated.
Mono: successfully reloaded assembly
- Completed reload, in  1.043 seconds
Platform modules already initialized, skipping
Refreshing native plugins compatible for Editor in 0.26 ms, found 0 plugins.
Preloading 0 native plugins for Editor in 0.00 ms.
Unloading 1121 Unused Serialized files (Serialized files now loaded: 0)
System memory in use before: 60.5 MB.
System memory in use after: 60.6 MB.

Unloading 5 unused Assets to reduce memory usage. Loaded Objects now: 1645.
Total: 1.980786 ms (FindLiveObjects: 0.159079 ms CreateObjectMapping: 0.050888 ms MarkObjects: 1.707530 ms  DeleteObjects: 0.061579 ms)

========================================================================
Received Prepare
Registering precompiled user dll's ...
Registered in 0.000644 seconds.
Begin MonoManager ReloadAssembly
Native extension for WindowsStandalone target not found
Refreshing native plugins compatible for Editor in 0.39 ms, found 0 plugins.
Preloading 0 native plugins for Editor in 0.00 ms.
Invoked RoslynAnalysisRunner static constructor.
RoslynAnalysisRunner will not be running.
RoslynAnalysisRunner has terminated.
Mono: successfully reloaded assembly
- Completed reload, in  1.092 seconds
Platform modules already initialized, skipping
Refreshing native plugins compatible for Editor in 0.32 ms, found 0 plugins.
Preloading 0 native plugins for Editor in 0.00 ms.
Unloading 1121 Unused Serialized files (Serialized files now loaded: 0)
System memory in use before: 60.5 MB.
System memory in use after: 60.6 MB.

Unloading 5 unused Assets to reduce memory usage. Loaded Objects now: 1648.
Total: 2.276279 ms (FindLiveObjects: 0.236480 ms CreateObjectMapping: 0.065000 ms MarkObjects: 1.907233 ms  DeleteObjects: 0.066283 ms)

========================================================================
Received Prepare
Registering precompiled user dll's ...
Registered in 0.000640 seconds.
Begin MonoManager ReloadAssembly
Native extension for WindowsStandalone target not found
Refreshing native plugins compatible for Editor in 0.26 ms, found 0 plugins.
Preloading 0 native plugins for Editor in 0.00 ms.
Invoked RoslynAnalysisRunner static constructor.
RoslynAnalysisRunner will not be running.
RoslynAnalysisRunner has terminated.
Mono: successfully reloaded assembly
- Completed reload, in  1.017 seconds
Platform modules already initialized, skipping
Refreshing native plugins compatible for Editor in 0.32 ms, found 0 plugins.
Preloading 0 native plugins for Editor in 0.00 ms.
Unloading 1121 Unused Serialized files (Serialized files now loaded: 0)
System memory in use before: 60.5 MB.
System memory in use after: 60.6 MB.

Unloading 5 unused Assets to reduce memory usage. Loaded Objects now: 1651.
Total: 2.859567 ms (FindLiveObjects: 0.165065 ms CreateObjectMapping: 0.053026 ms MarkObjects: 2.554666 ms  DeleteObjects: 0.084671 ms)

========================================================================
Received Prepare
Registering precompiled user dll's ...
Registered in 0.000691 seconds.
Begin MonoManager ReloadAssembly
Native extension for WindowsStandalone target not found
Refreshing native plugins compatible for Editor in 0.25 ms, found 0 plugins.
Preloading 0 native plugins for Editor in 0.00 ms.
Invoked RoslynAnalysisRunner static constructor.
RoslynAnalysisRunner will not be running.
RoslynAnalysisRunner has terminated.
Mono: successfully reloaded assembly
- Completed reload, in  1.021 seconds
Platform modules already initialized, skipping
Refreshing native plugins compatible for Editor in 0.27 ms, found 0 plugins.
Preloading 0 native plugins for Editor in 0.00 ms.
Unloading 1121 Unused Serialized files (Serialized files now loaded: 0)
System memory in use before: 60.5 MB.
System memory in use after: 60.6 MB.

Unloading 5 unused Assets to reduce memory usage. Loaded Objects now: 1654.
Total: 2.102660 ms (FindLiveObjects: 0.162072 ms CreateObjectMapping: 0.053454 ms MarkObjects: 1.822562 ms  DeleteObjects: 0.062862 ms)

========================================================================
Received Prepare
Registering precompiled user dll's ...
Registered in 0.000658 seconds.
Begin MonoManager ReloadAssembly
Native extension for WindowsStandalone target not found
Refreshing native plugins compatible for Editor in 0.29 ms, found 0 plugins.
Preloading 0 native plugins for Editor in 0.00 ms.
Invoked RoslynAnalysisRunner static constructor.
RoslynAnalysisRunner will not be running.
RoslynAnalysisRunner has terminated.
Mono: successfully reloaded assembly
- Completed reload, in  1.066 seconds
Platform modules already initialized, skipping
Refreshing native plugins compatible for Editor in 0.26 ms, found 0 plugins.
Preloading 0 native plugins for Editor in 0.00 ms.
Unloading 1121 Unused Serialized files (Serialized files now loaded: 0)
System memory in use before: 60.5 MB.
System memory in use after: 60.6 MB.

Unloading 5 unused Assets to reduce memory usage. Loaded Objects now: 1657.
Total: 1.922200 ms (FindLiveObjects: 0.149243 ms CreateObjectMapping: 0.051316 ms MarkObjects: 1.665194 ms  DeleteObjects: 0.054737 ms)

========================================================================
Received Prepare
Registering precompiled user dll's ...
Registered in 0.000638 seconds.
Begin MonoManager ReloadAssembly
Native extension for WindowsStandalone target not found
Refreshing native plugins compatible for Editor in 0.26 ms, found 0 plugins.
Preloading 0 native plugins for Editor in 0.00 ms.
Invoked RoslynAnalysisRunner static constructor.
RoslynAnalysisRunner will not be running.
RoslynAnalysisRunner has terminated.
Mono: successfully reloaded assembly
- Completed reload, in  1.027 seconds
Platform modules already initialized, skipping
Refreshing native plugins compatible for Editor in 0.32 ms, found 0 plugins.
Preloading 0 native plugins for Editor in 0.00 ms.
Unloading 1121 Unused Serialized files (Serialized files now loaded: 0)
System memory in use before: 60.5 MB.
System memory in use after: 60.6 MB.

Unloading 5 unused Assets to reduce memory usage. Loaded Objects now: 1660.
Total: 2.329732 ms (FindLiveObjects: 0.268552 ms CreateObjectMapping: 0.066710 ms MarkObjects: 1.932463 ms  DeleteObjects: 0.060296 ms)

========================================================================
Received Prepare
Registering precompiled user dll's ...
Registered in 0.000840 seconds.
Begin MonoManager ReloadAssembly
Native extension for WindowsStandalone target not found
Refreshing native plugins compatible for Editor in 0.27 ms, found 0 plugins.
Preloading 0 native plugins for Editor in 0.00 ms.
Invoked RoslynAnalysisRunner static constructor.
RoslynAnalysisRunner will not be running.
RoslynAnalysisRunner has terminated.
Mono: successfully reloaded assembly
- Completed reload, in  1.005 seconds
Platform modules already initialized, skipping
Refreshing native plugins compatible for Editor in 0.26 ms, found 0 plugins.
Preloading 0 native plugins for Editor in 0.00 ms.
Unloading 1121 Unused Serialized files (Serialized files now loaded: 0)
System memory in use before: 60.5 MB.
System memory in use after: 60.6 MB.

Unloading 5 unused Assets to reduce memory usage. Loaded Objects now: 1663.
Total: 1.907661 ms (FindLiveObjects: 0.148388 ms CreateObjectMapping: 0.051316 ms MarkObjects: 1.653221 ms  DeleteObjects: 0.053026 ms)

========================================================================
Received Prepare
Registering precompiled user dll's ...
Registered in 0.000642 seconds.
Begin MonoManager ReloadAssembly
Native extension for WindowsStandalone target not found
Refreshing native plugins compatible for Editor in 0.27 ms, found 0 plugins.
Preloading 0 native plugins for Editor in 0.00 ms.
Invoked RoslynAnalysisRunner static constructor.
RoslynAnalysisRunner will not be running.
RoslynAnalysisRunner has terminated.
Mono: successfully reloaded assembly
- Completed reload, in  1.029 seconds
Platform modules already initialized, skipping
Refreshing native plugins compatible for Editor in 0.27 ms, found 0 plugins.
Preloading 0 native plugins for Editor in 0.00 ms.
Unloading 1121 Unused Serialized files (Serialized files now loaded: 0)
System memory in use before: 60.5 MB.
System memory in use after: 60.6 MB.

Unloading 5 unused Assets to reduce memory usage. Loaded Objects now: 1666.
Total: 1.917924 ms (FindLiveObjects: 0.161217 ms CreateObjectMapping: 0.052599 ms MarkObjects: 1.645523 ms  DeleteObjects: 0.057303 ms)

========================================================================
Received Prepare
Registering precompiled user dll's ...
Registered in 0.000637 seconds.
Begin MonoManager ReloadAssembly
Native extension for WindowsStandalone target not found
Refreshing native plugins compatible for Editor in 0.25 ms, found 0 plugins.
Preloading 0 native plugins for Editor in 0.00 ms.
Invoked RoslynAnalysisRunner static constructor.
RoslynAnalysisRunner will not be running.
RoslynAnalysisRunner has terminated.
Mono: successfully reloaded assembly
- Completed reload, in  1.036 seconds
Platform modules already initialized, skipping
Refreshing native plugins compatible for Editor in 0.26 ms, found 0 plugins.
Preloading 0 native plugins for Editor in 0.00 ms.
Unloading 1121 Unused Serialized files (Serialized files now loaded: 0)
System memory in use before: 60.5 MB.
System memory in use after: 60.6 MB.

Unloading 5 unused Assets to reduce memory usage. Loaded Objects now: 1669.
Total: 2.055193 ms (FindLiveObjects: 0.165493 ms CreateObjectMapping: 0.053026 ms MarkObjects: 1.775951 ms  DeleteObjects: 0.059441 ms)

========================================================================
Received Prepare
Registering precompiled user dll's ...
Registered in 0.000643 seconds.
Begin MonoManager ReloadAssembly
Native extension for WindowsStandalone target not found
Refreshing native plugins compatible for Editor in 0.27 ms, found 0 plugins.
Preloading 0 native plugins for Editor in 0.00 ms.
Invoked RoslynAnalysisRunner static constructor.
RoslynAnalysisRunner will not be running.
RoslynAnalysisRunner has terminated.
Mono: successfully reloaded assembly
- Completed reload, in  1.029 seconds
Platform modules already initialized, skipping
Refreshing native plugins compatible for Editor in 0.26 ms, found 0 plugins.
Preloading 0 native plugins for Editor in 0.00 ms.
Unloading 1121 Unused Serialized files (Serialized files now loaded: 0)
System memory in use before: 60.5 MB.
System memory in use after: 60.6 MB.

Unloading 5 unused Assets to reduce memory usage. Loaded Objects now: 1672.
Total: 1.965819 ms (FindLiveObjects: 0.147960 ms CreateObjectMapping: 0.052599 ms MarkObjects: 1.702826 ms  DeleteObjects: 0.060296 ms)

========================================================================
Received Prepare
Registering precompiled user dll's ...
Registered in 0.000711 seconds.
Begin MonoManager ReloadAssembly
Native extension for WindowsStandalone target not found
Refreshing native plugins compatible for Editor in 0.27 ms, found 0 plugins.
Preloading 0 native plugins for Editor in 0.00 ms.
Invoked RoslynAnalysisRunner static constructor.
RoslynAnalysisRunner will not be running.
RoslynAnalysisRunner has terminated.
Mono: successfully reloaded assembly
- Completed reload, in  1.033 seconds
Platform modules already initialized, skipping
Refreshing native plugins compatible for Editor in 0.26 ms, found 0 plugins.
Preloading 0 native plugins for Editor in 0.00 ms.
Unloading 1121 Unused Serialized files (Serialized files now loaded: 0)
System memory in use before: 60.6 MB.
System memory in use after: 60.6 MB.

Unloading 5 unused Assets to reduce memory usage. Loaded Objects now: 1675.
Total: 1.946575 ms (FindLiveObjects: 0.155230 ms CreateObjectMapping: 0.049605 ms MarkObjects: 1.685720 ms  DeleteObjects: 0.054309 ms)

========================================================================
Received Prepare
Registering precompiled user dll's ...
Registered in 0.000786 seconds.
Begin MonoManager ReloadAssembly
Native extension for WindowsStandalone target not found
Refreshing native plugins compatible for Editor in 0.26 ms, found 0 plugins.
Preloading 0 native plugins for Editor in 0.00 ms.
Invoked RoslynAnalysisRunner static constructor.
RoslynAnalysisRunner will not be running.
RoslynAnalysisRunner has terminated.
Mono: successfully reloaded assembly
- Completed reload, in  1.027 seconds
Platform modules already initialized, skipping
Refreshing native plugins compatible for Editor in 0.27 ms, found 0 plugins.
Preloading 0 native plugins for Editor in 0.00 ms.
Unloading 1121 Unused Serialized files (Serialized files now loaded: 0)
System memory in use before: 60.6 MB.
System memory in use after: 60.6 MB.

Unloading 5 unused Assets to reduce memory usage. Loaded Objects now: 1678.
Total: 2.146279 ms (FindLiveObjects: 0.246315 ms CreateObjectMapping: 0.056875 ms MarkObjects: 1.780654 ms  DeleteObjects: 0.061151 ms)

========================================================================
Received Prepare
Registering precompiled user dll's ...
Registered in 0.000640 seconds.
Begin MonoManager ReloadAssembly
Native extension for WindowsStandalone target not found
Refreshing native plugins compatible for Editor in 0.28 ms, found 0 plugins.
Preloading 0 native plugins for Editor in 0.00 ms.
Invoked RoslynAnalysisRunner static constructor.
RoslynAnalysisRunner will not be running.
RoslynAnalysisRunner has terminated.
Mono: successfully reloaded assembly
- Completed reload, in  1.027 seconds
Platform modules already initialized, skipping
Refreshing native plugins compatible for Editor in 0.26 ms, found 0 plugins.
Preloading 0 native plugins for Editor in 0.00 ms.
Unloading 1121 Unused Serialized files (Serialized files now loaded: 0)
System memory in use before: 60.6 MB.
System memory in use after: 60.6 MB.

Unloading 5 unused Assets to reduce memory usage. Loaded Objects now: 1681.
Total: 2.059897 ms (FindLiveObjects: 0.152237 ms CreateObjectMapping: 0.053026 ms MarkObjects: 1.796477 ms  DeleteObjects: 0.056875 ms)

========================================================================
Received Prepare
Registering precompiled user dll's ...
Registered in 0.000619 seconds.
Begin MonoManager ReloadAssembly
Native extension for WindowsStandalone target not found
Refreshing native plugins compatible for Editor in 0.26 ms, found 0 plugins.
Preloading 0 native plugins for Editor in 0.00 ms.
Invoked RoslynAnalysisRunner static constructor.
RoslynAnalysisRunner will not be running.
RoslynAnalysisRunner has terminated.
Mono: successfully reloaded assembly
- Completed reload, in  1.040 seconds
Platform modules already initialized, skipping
Refreshing native plugins compatible for Editor in 0.26 ms, found 0 plugins.
Preloading 0 native plugins for Editor in 0.00 ms.
Unloading 1121 Unused Serialized files (Serialized files now loaded: 0)
System memory in use before: 60.6 MB.
System memory in use after: 60.6 MB.

Unloading 5 unused Assets to reduce memory usage. Loaded Objects now: 1684.
Total: 2.061180 ms (FindLiveObjects: 0.165921 ms CreateObjectMapping: 0.053881 ms MarkObjects: 1.778516 ms  DeleteObjects: 0.061579 ms)

========================================================================
Received Prepare
Registering precompiled user dll's ...
Registered in 0.000621 seconds.
Begin MonoManager ReloadAssembly
Native extension for WindowsStandalone target not found
Refreshing native plugins compatible for Editor in 0.43 ms, found 0 plugins.
Preloading 0 native plugins for Editor in 0.00 ms.
Invoked RoslynAnalysisRunner static constructor.
RoslynAnalysisRunner will not be running.
RoslynAnalysisRunner has terminated.
Mono: successfully reloaded assembly
- Completed reload, in  1.062 seconds
Platform modules already initialized, skipping
Refreshing native plugins compatible for Editor in 0.27 ms, found 0 plugins.
Preloading 0 native plugins for Editor in 0.00 ms.
Unloading 1123 Unused Serialized files (Serialized files now loaded: 0)
System memory in use before: 60.6 MB.
System memory in use after: 60.7 MB.

Unloading 5 unused Assets to reduce memory usage. Loaded Objects now: 1689.
Total: 2.111641 ms (FindLiveObjects: 0.162500 ms CreateObjectMapping: 0.050033 ms MarkObjects: 1.836246 ms  DeleteObjects: 0.060724 ms)

========================================================================
Received Import Request.
  Time since last request: 9535.917371 seconds.
  path: Assets/RndGeneration/GeneratorSimple.cs
  artifactKey: Guid(f42ccbdbf9892f947b812b82777cf8c7) Importer(815301076,1909f56bfc062723c751e8b465ee728b)
Start importing Assets/RndGeneration/GeneratorSimple.cs using Guid(f42ccbdbf9892f947b812b82777cf8c7) Importer(815301076,1909f56bfc062723c751e8b465ee728b)  -> (artifact id: '69b1fb455b409227e1387c9e6569d518') in 0.005884 seconds
  Import took 0.021573 seconds .

========================================================================
Received Import Request.
  Time since last request: 0.032356 seconds.
  path: Assets/RndGeneration/GeneratorSimple.cs
  artifactKey: Guid(f42ccbdbf9892f947b812b82777cf8c7) Importer(815301076,1909f56bfc062723c751e8b465ee728b)
Start importing Assets/RndGeneration/GeneratorSimple.cs using Guid(f42ccbdbf9892f947b812b82777cf8c7) Importer(815301076,1909f56bfc062723c751e8b465ee728b)  -> (artifact id: '69b1fb455b409227e1387c9e6569d518') in 0.002440 seconds
  Import took 0.009497 seconds .

========================================================================
Received Import Request.
  Time since last request: 1.658604 seconds.
  path: Assets/RndGeneration/GeneratorSimple1.cs
  artifactKey: Guid(14c1670f85c1f0d408274503e0f5eb62) Importer(815301076,1909f56bfc062723c751e8b465ee728b)
Start importing Assets/RndGeneration/GeneratorSimple1.cs using Guid(14c1670f85c1f0d408274503e0f5eb62) Importer(815301076,1909f56bfc062723c751e8b465ee728b)  -> (artifact id: 'f1d458a8bbe6bc9a06272298b264f2ef') in 0.003018 seconds
  Import took 0.037659 seconds .

========================================================================
Received Import Request.
  Time since last request: 10.794606 seconds.
  path: Assets/RndGeneration/GeneratorTricky.cs
  artifactKey: Guid(14c1670f85c1f0d408274503e0f5eb62) Importer(815301076,1909f56bfc062723c751e8b465ee728b)
Start importing Assets/RndGeneration/GeneratorTricky.cs using Guid(14c1670f85c1f0d408274503e0f5eb62) Importer(815301076,1909f56bfc062723c751e8b465ee728b)  -> (artifact id: '47c415c14ad1115d7f38dbac935190a3') in 0.003190 seconds
  Import took 0.006755 seconds .

========================================================================
Received Prepare
Registering precompiled user dll's ...
Registered in 0.000635 seconds.
Begin MonoManager ReloadAssembly
Native extension for WindowsStandalone target not found
Refreshing native plugins compatible for Editor in 0.27 ms, found 0 plugins.
Preloading 0 native plugins for Editor in 0.00 ms.
Invoked RoslynAnalysisRunner static constructor.
RoslynAnalysisRunner will not be running.
RoslynAnalysisRunner has terminated.
Mono: successfully reloaded assembly
- Completed reload, in  1.073 seconds
Platform modules already initialized, skipping
Refreshing native plugins compatible for Editor in 0.26 ms, found 0 plugins.
Preloading 0 native plugins for Editor in 0.00 ms.
Unloading 1124 Unused Serialized files (Serialized files now loaded: 0)
System memory in use before: 60.6 MB.
System memory in use after: 60.7 MB.

Unloading 5 unused Assets to reduce memory usage. Loaded Objects now: 1693.
Total: 2.185621 ms (FindLiveObjects: 0.258717 ms CreateObjectMapping: 0.062006 ms MarkObjects: 1.799043 ms  DeleteObjects: 0.063289 ms)

========================================================================
Received Import Request.
  Time since last request: 352.617032 seconds.
  path: Assets/RndGeneration/GeneratorTricky.cs
  artifactKey: Guid(14c1670f85c1f0d408274503e0f5eb62) Importer(815301076,1909f56bfc062723c751e8b465ee728b)
Start importing Assets/RndGeneration/GeneratorTricky.cs using Guid(14c1670f85c1f0d408274503e0f5eb62) Importer(815301076,1909f56bfc062723c751e8b465ee728b)  -> (artifact id: '9f2515160012bbbfc602a3ab7e670b2a') in 0.004812 seconds
  Import took 0.074320 seconds .

========================================================================
Received Prepare
Registering precompiled user dll's ...
Registered in 0.000732 seconds.
Begin MonoManager ReloadAssembly
Native extension for WindowsStandalone target not found
Refreshing native plugins compatible for Editor in 0.26 ms, found 0 plugins.
Preloading 0 native plugins for Editor in 0.00 ms.
Invoked RoslynAnalysisRunner static constructor.
RoslynAnalysisRunner will not be running.
RoslynAnalysisRunner has terminated.
Mono: successfully reloaded assembly
- Completed reload, in  1.039 seconds
Platform modules already initialized, skipping
Refreshing native plugins compatible for Editor in 0.26 ms, found 0 plugins.
Preloading 0 native plugins for Editor in 0.00 ms.
Unloading 1124 Unused Serialized files (Serialized files now loaded: 0)
System memory in use before: 60.7 MB.
System memory in use after: 60.7 MB.

Unloading 5 unused Assets to reduce memory usage. Loaded Objects now: 1696.
Total: 2.119338 ms (FindLiveObjects: 0.160362 ms CreateObjectMapping: 0.052171 ms MarkObjects: 1.842233 ms  DeleteObjects: 0.063289 ms)

========================================================================
Received Prepare
Registering precompiled user dll's ...
Registered in 0.000641 seconds.
Begin MonoManager ReloadAssembly
Native extension for WindowsStandalone target not found
Refreshing native plugins compatible for Editor in 0.27 ms, found 0 plugins.
Preloading 0 native plugins for Editor in 0.00 ms.
Invoked RoslynAnalysisRunner static constructor.
RoslynAnalysisRunner will not be running.
RoslynAnalysisRunner has terminated.
Mono: successfully reloaded assembly
- Completed reload, in  1.029 seconds
Platform modules already initialized, skipping
Refreshing native plugins compatible for Editor in 0.25 ms, found 0 plugins.
Preloading 0 native plugins for Editor in 0.00 ms.
Unloading 1124 Unused Serialized files (Serialized files now loaded: 0)
System memory in use before: 60.7 MB.
System memory in use after: 60.7 MB.

Unloading 5 unused Assets to reduce memory usage. Loaded Objects now: 1699.
Total: 2.035095 ms (FindLiveObjects: 0.165493 ms CreateObjectMapping: 0.051316 ms MarkObjects: 1.760128 ms  DeleteObjects: 0.054737 ms)

========================================================================
Received Prepare
Registering precompiled user dll's ...
Registered in 0.000660 seconds.
Begin MonoManager ReloadAssembly
Native extension for WindowsStandalone target not found
Refreshing native plugins compatible for Editor in 0.26 ms, found 0 plugins.
Preloading 0 native plugins for Editor in 0.00 ms.
Invoked RoslynAnalysisRunner static constructor.
RoslynAnalysisRunner will not be running.
RoslynAnalysisRunner has terminated.
Mono: successfully reloaded assembly
- Completed reload, in  1.038 seconds
Platform modules already initialized, skipping
Refreshing native plugins compatible for Editor in 0.25 ms, found 0 plugins.
Preloading 0 native plugins for Editor in 0.00 ms.
Unloading 1124 Unused Serialized files (Serialized files now loaded: 0)
System memory in use before: 60.7 MB.
System memory in use after: 60.7 MB.

Unloading 5 unused Assets to reduce memory usage. Loaded Objects now: 1702.
Total: 2.003878 ms (FindLiveObjects: 0.156513 ms CreateObjectMapping: 0.049605 ms MarkObjects: 1.741740 ms  DeleteObjects: 0.053881 ms)

========================================================================
Received Prepare
Registering precompiled user dll's ...
Registered in 0.000651 seconds.
Begin MonoManager ReloadAssembly
Native extension for WindowsStandalone target not found
Refreshing native plugins compatible for Editor in 0.26 ms, found 0 plugins.
Preloading 0 native plugins for Editor in 0.00 ms.
Invoked RoslynAnalysisRunner static constructor.
RoslynAnalysisRunner will not be running.
RoslynAnalysisRunner has terminated.
Mono: successfully reloaded assembly
- Completed reload, in  1.048 seconds
Platform modules already initialized, skipping
Refreshing native plugins compatible for Editor in 0.26 ms, found 0 plugins.
Preloading 0 native plugins for Editor in 0.00 ms.
Unloading 1124 Unused Serialized files (Serialized files now loaded: 0)
System memory in use before: 60.7 MB.
System memory in use after: 60.8 MB.

Unloading 5 unused Assets to reduce memory usage. Loaded Objects now: 1705.
Total: 2.179206 ms (FindLiveObjects: 0.207829 ms CreateObjectMapping: 0.050888 ms MarkObjects: 1.858911 ms  DeleteObjects: 0.059868 ms)

========================================================================
Received Prepare
Registering precompiled user dll's ...
Registered in 0.000616 seconds.
Begin MonoManager ReloadAssembly
Native extension for WindowsStandalone target not found
Refreshing native plugins compatible for Editor in 0.26 ms, found 0 plugins.
Preloading 0 native plugins for Editor in 0.00 ms.
Invoked RoslynAnalysisRunner static constructor.
RoslynAnalysisRunner will not be running.
RoslynAnalysisRunner has terminated.
Mono: successfully reloaded assembly
- Completed reload, in  1.062 seconds
Platform modules already initialized, skipping
Refreshing native plugins compatible for Editor in 0.26 ms, found 0 plugins.
Preloading 0 native plugins for Editor in 0.00 ms.
Unloading 1124 Unused Serialized files (Serialized files now loaded: 0)
System memory in use before: 60.7 MB.
System memory in use after: 60.8 MB.

Unloading 5 unused Assets to reduce memory usage. Loaded Objects now: 1708.
Total: 2.277561 ms (FindLiveObjects: 0.269407 ms CreateObjectMapping: 0.053454 ms MarkObjects: 1.888417 ms  DeleteObjects: 0.061579 ms)

========================================================================
Received Import Request.
  Time since last request: 1397.697250 seconds.
  path: Assets/RndGeneration/Target.prefab
  artifactKey: Guid(41d5c4d1d59309642a74b753e77b56f5) Importer(815301076,1909f56bfc062723c751e8b465ee728b)
Start importing Assets/RndGeneration/Target.prefab using Guid(41d5c4d1d59309642a74b753e77b56f5) Importer(815301076,1909f56bfc062723c751e8b465ee728b)  -> (artifact id: 'd959a4b6124b4f8316a3eb6942975090') in 0.277032 seconds
  Import took 0.298976 seconds .

========================================================================
Received Prepare
Registering precompiled user dll's ...
Registered in 0.000650 seconds.
Begin MonoManager ReloadAssembly
Native extension for WindowsStandalone target not found
Refreshing native plugins compatible for Editor in 0.25 ms, found 0 plugins.
Preloading 0 native plugins for Editor in 0.00 ms.
Invoked RoslynAnalysisRunner static constructor.
RoslynAnalysisRunner will not be running.
RoslynAnalysisRunner has terminated.
Mono: successfully reloaded assembly
- Completed reload, in  1.030 seconds
Platform modules already initialized, skipping
Refreshing native plugins compatible for Editor in 0.26 ms, found 0 plugins.
Preloading 0 native plugins for Editor in 0.00 ms.
Unloading 1124 Unused Serialized files (Serialized files now loaded: 0)
System memory in use before: 60.7 MB.
System memory in use after: 60.8 MB.

Unloading 6 unused Assets to reduce memory usage. Loaded Objects now: 1712.
Total: 2.044503 ms (FindLiveObjects: 0.153092 ms CreateObjectMapping: 0.050888 ms MarkObjects: 1.780654 ms  DeleteObjects: 0.059013 ms)

========================================================================
Received Import Request.
  Time since last request: 10.549487 seconds.
  path: Assets/RndGeneration/Target_1.prefab
  artifactKey: Guid(41d5c4d1d59309642a74b753e77b56f5) Importer(815301076,1909f56bfc062723c751e8b465ee728b)
Start importing Assets/RndGeneration/Target_1.prefab using Guid(41d5c4d1d59309642a74b753e77b56f5) Importer(815301076,1909f56bfc062723c751e8b465ee728b)  -> (artifact id: '96a16b2f248b8c3a00e76b28db5fc539') in 0.077331 seconds
  Import took 0.089882 seconds .

========================================================================
Received Import Request.
  Time since last request: 0.875576 seconds.
  path: Assets/RndGeneration/Target_1 1.prefab
  artifactKey: Guid(dd15e3b431c23ec4f9f71ee15bc57032) Importer(815301076,1909f56bfc062723c751e8b465ee728b)
Start importing Assets/RndGeneration/Target_1 1.prefab using Guid(dd15e3b431c23ec4f9f71ee15bc57032) Importer(815301076,1909f56bfc062723c751e8b465ee728b)  -> (artifact id: 'f041e7204b49f1b22c415921c593ed0e') in 0.010463 seconds
  Import took 0.026447 seconds .

========================================================================
Received Import Request.
  Time since last request: 10.259534 seconds.
  path: Assets/RndGeneration/Target_Blue.prefab
  artifactKey: Guid(41d5c4d1d59309642a74b753e77b56f5) Importer(815301076,1909f56bfc062723c751e8b465ee728b)
Start importing Assets/RndGeneration/Target_Blue.prefab using Guid(41d5c4d1d59309642a74b753e77b56f5) Importer(815301076,1909f56bfc062723c751e8b465ee728b)  -> (artifact id: 'cd9e3d294a76ce21dafe31d94af7a200') in 0.011244 seconds
  Import took 0.026147 seconds .

========================================================================
Received Import Request.
  Time since last request: 5.044461 seconds.
  path: Assets/RndGeneration/Target_Red.prefab
  artifactKey: Guid(dd15e3b431c23ec4f9f71ee15bc57032) Importer(815301076,1909f56bfc062723c751e8b465ee728b)
Start importing Assets/RndGeneration/Target_Red.prefab using Guid(dd15e3b431c23ec4f9f71ee15bc57032) Importer(815301076,1909f56bfc062723c751e8b465ee728b)  -> (artifact id: 'fca8964c31dc7d38a264d733b0053354') in 0.011792 seconds
  Import took 0.014397 seconds .

========================================================================
Received Prepare
Registering precompiled user dll's ...
Registered in 0.000633 seconds.
Begin MonoManager ReloadAssembly
Native extension for WindowsStandalone target not found
Refreshing native plugins compatible for Editor in 0.26 ms, found 0 plugins.
Preloading 0 native plugins for Editor in 0.00 ms.
Invoked RoslynAnalysisRunner static constructor.
RoslynAnalysisRunner will not be running.
RoslynAnalysisRunner has terminated.
Mono: successfully reloaded assembly
- Completed reload, in  1.039 seconds
Platform modules already initialized, skipping
Refreshing native plugins compatible for Editor in 0.26 ms, found 0 plugins.
Preloading 0 native plugins for Editor in 0.00 ms.
Unloading 1124 Unused Serialized files (Serialized files now loaded: 0)
System memory in use before: 60.7 MB.
System memory in use after: 60.8 MB.

Unloading 6 unused Assets to reduce memory usage. Loaded Objects now: 1716.
Total: 1.965819 ms (FindLiveObjects: 0.158651 ms CreateObjectMapping: 0.051743 ms MarkObjects: 1.695556 ms  DeleteObjects: 0.058158 ms)

========================================================================
Received Prepare
Registering precompiled user dll's ...
Registered in 0.000619 seconds.
Begin MonoManager ReloadAssembly
Native extension for WindowsStandalone target not found
Refreshing native plugins compatible for Editor in 0.38 ms, found 0 plugins.
Preloading 0 native plugins for Editor in 0.00 ms.
Invoked RoslynAnalysisRunner static constructor.
RoslynAnalysisRunner will not be running.
RoslynAnalysisRunner has terminated.
Mono: successfully reloaded assembly
- Completed reload, in  1.113 seconds
Platform modules already initialized, skipping
Refreshing native plugins compatible for Editor in 0.27 ms, found 0 plugins.
Preloading 0 native plugins for Editor in 0.00 ms.
Unloading 1124 Unused Serialized files (Serialized files now loaded: 0)
System memory in use before: 60.7 MB.
System memory in use after: 60.8 MB.

Unloading 5 unused Assets to reduce memory usage. Loaded Objects now: 1719.
Total: 2.034240 ms (FindLiveObjects: 0.173190 ms CreateObjectMapping: 0.052171 ms MarkObjects: 1.746872 ms  DeleteObjects: 0.059868 ms)

========================================================================
Received Prepare
Registering precompiled user dll's ...
Registered in 0.000756 seconds.
Begin MonoManager ReloadAssembly
Native extension for WindowsStandalone target not found
Refreshing native plugins compatible for Editor in 0.39 ms, found 0 plugins.
Preloading 0 native plugins for Editor in 0.00 ms.
Invoked RoslynAnalysisRunner static constructor.
RoslynAnalysisRunner will not be running.
RoslynAnalysisRunner has terminated.
Mono: successfully reloaded assembly
- Completed reload, in  1.309 seconds
Platform modules already initialized, skipping
Refreshing native plugins compatible for Editor in 0.25 ms, found 0 plugins.
Preloading 0 native plugins for Editor in 0.00 ms.
Unloading 1125 Unused Serialized files (Serialized files now loaded: 0)
System memory in use before: 60.7 MB.
System memory in use after: 60.8 MB.

Unloading 5 unused Assets to reduce memory usage. Loaded Objects now: 1723.
Total: 1.963680 ms (FindLiveObjects: 0.163783 ms CreateObjectMapping: 0.052599 ms MarkObjects: 1.687431 ms  DeleteObjects: 0.058585 ms)

========================================================================
Received Prepare
Registering precompiled user dll's ...
Registered in 0.000942 seconds.
Begin MonoManager ReloadAssembly
Native extension for WindowsStandalone target not found
Refreshing native plugins compatible for Editor in 0.27 ms, found 0 plugins.
Preloading 0 native plugins for Editor in 0.00 ms.
Invoked RoslynAnalysisRunner static constructor.
RoslynAnalysisRunner will not be running.
RoslynAnalysisRunner has terminated.
Mono: successfully reloaded assembly
- Completed reload, in  1.138 seconds
Platform modules already initialized, skipping
Refreshing native plugins compatible for Editor in 0.27 ms, found 0 plugins.
Preloading 0 native plugins for Editor in 0.00 ms.
Unloading 1125 Unused Serialized files (Serialized files now loaded: 0)
System memory in use before: 60.7 MB.
System memory in use after: 60.8 MB.

Unloading 5 unused Assets to reduce memory usage. Loaded Objects now: 1726.
Total: 2.269864 ms (FindLiveObjects: 0.178750 ms CreateObjectMapping: 0.052599 ms MarkObjects: 1.964108 ms  DeleteObjects: 0.072697 ms)

========================================================================
Received Prepare
Registering precompiled user dll's ...
Registered in 0.000632 seconds.
Begin MonoManager ReloadAssembly
Native extension for WindowsStandalone target not found
Refreshing native plugins compatible for Editor in 0.33 ms, found 0 plugins.
Preloading 0 native plugins for Editor in 0.00 ms.
Invoked RoslynAnalysisRunner static constructor.
RoslynAnalysisRunner will not be running.
RoslynAnalysisRunner has terminated.
Mono: successfully reloaded assembly
- Completed reload, in  1.058 seconds
Platform modules already initialized, skipping
Refreshing native plugins compatible for Editor in 0.26 ms, found 0 plugins.
Preloading 0 native plugins for Editor in 0.00 ms.
Unloading 1125 Unused Serialized files (Serialized files now loaded: 0)
System memory in use before: 60.7 MB.
System memory in use after: 60.8 MB.

Unloading 5 unused Assets to reduce memory usage. Loaded Objects now: 1729.
Total: 2.139009 ms (FindLiveObjects: 0.174473 ms CreateObjectMapping: 0.053454 ms MarkObjects: 1.845227 ms  DeleteObjects: 0.064572 ms)

========================================================================
Received Import Request.
  Time since last request: 1050.518188 seconds.
  path: Assets/RndGeneration/IRndPlaceProvider.cs
  artifactKey: Guid(de1278ab89d38e246b3dea98bc1450f8) Importer(815301076,1909f56bfc062723c751e8b465ee728b)
Start importing Assets/RndGeneration/IRndPlaceProvider.cs using Guid(de1278ab89d38e246b3dea98bc1450f8) Importer(815301076,1909f56bfc062723c751e8b465ee728b)  -> (artifact id: '8fb8f1498ef2fba0d7c5f83661636f8f') in 0.005224 seconds
  Import took 0.021574 seconds .

========================================================================
Received Prepare
Registering precompiled user dll's ...
Registered in 0.000652 seconds.
Begin MonoManager ReloadAssembly
Native extension for WindowsStandalone target not found
Refreshing native plugins compatible for Editor in 0.27 ms, found 0 plugins.
Preloading 0 native plugins for Editor in 0.00 ms.
Invoked RoslynAnalysisRunner static constructor.
RoslynAnalysisRunner will not be running.
RoslynAnalysisRunner has terminated.
Mono: successfully reloaded assembly
- Completed reload, in  1.013 seconds
Platform modules already initialized, skipping
Refreshing native plugins compatible for Editor in 0.27 ms, found 0 plugins.
Preloading 0 native plugins for Editor in 0.00 ms.
Unloading 1125 Unused Serialized files (Serialized files now loaded: 0)
System memory in use before: 60.7 MB.
System memory in use after: 60.8 MB.

Unloading 5 unused Assets to reduce memory usage. Loaded Objects now: 1732.
Total: 2.078286 ms (FindLiveObjects: 0.173618 ms CreateObjectMapping: 0.051316 ms MarkObjects: 1.775951 ms  DeleteObjects: 0.075691 ms)

========================================================================
Received Import Request.
  Time since last request: 597.187602 seconds.
  path: Assets/RndGeneration/IRndPlaceProvider.cs
  artifactKey: Guid(de1278ab89d38e246b3dea98bc1450f8) Importer(815301076,1909f56bfc062723c751e8b465ee728b)
Start importing Assets/RndGeneration/IRndPlaceProvider.cs using Guid(de1278ab89d38e246b3dea98bc1450f8) Importer(815301076,1909f56bfc062723c751e8b465ee728b)  -> (artifact id: '01de5a25d7ae5c55985ad8c69b1b8500') in 0.005117 seconds
  Import took 0.007518 seconds .

========================================================================
Received Import Request.
  Time since last request: 9.409665 seconds.
  path: Assets/RndGeneration/RndEnum.cs
  artifactKey: Guid(538df22652ec5cd48ac4524e93d239a0) Importer(815301076,1909f56bfc062723c751e8b465ee728b)
Start importing Assets/RndGeneration/RndEnum.cs using Guid(538df22652ec5cd48ac4524e93d239a0) Importer(815301076,1909f56bfc062723c751e8b465ee728b)  -> (artifact id: 'a35feb44a22a43dde1744e5ebc17098e') in 0.002081 seconds
  Import took 0.035527 seconds .

========================================================================
Received Import Request.
  Time since last request: 0.010789 seconds.
  path: Assets/RndGeneration/RndEnum.cs
  artifactKey: Guid(538df22652ec5cd48ac4524e93d239a0) Importer(815301076,1909f56bfc062723c751e8b465ee728b)
Start importing Assets/RndGeneration/RndEnum.cs using Guid(538df22652ec5cd48ac4524e93d239a0) Importer(815301076,1909f56bfc062723c751e8b465ee728b)  -> (artifact id: 'a35feb44a22a43dde1744e5ebc17098e') in 0.001874 seconds
  Import took 0.004321 seconds .

